<?xml version="1.0" encoding="UTF-8"?>
<!-- Generated by org.testng.reporters.JUnitReportReporter -->
<testsuite hostname="DESKTOP-U2NFFHP" failures="0" tests="1" name="MyFirstTest" time="0.005" errors="0" timestamp="10 Jan 2020 01:43:36 GMT">
  <testcase classname="MyFirstTest" name="test" time="0.005"/>
</testsuite> <!-- MyFirstTest -->
